Determining if the pthread_create exist failed with the following output:
Change Dir: /home/cjshore12/CLionProjects/Simulation/cmake-build-debug/CMakeFiles/CMakeTmp

Run Build Command:"/usr/bin/make" "cmTC_af229/fast"
/usr/bin/make -f CMakeFiles/cmTC_af229.dir/build.make CMakeFiles/cmTC_af229.dir/build
make[1]: Entering directory '/home/cjshore12/CLionProjects/Simulation/cmake-build-debug/CMakeFiles/CMakeTmp'
Building C object CMakeFiles/cmTC_af229.dir/CheckSymbolExists.c.o
/usr/bin/cc    -o CMakeFiles/cmTC_af229.dir/CheckSymbolExists.c.o   -c /home/cjshore12/CLionProjects/Simulation/cmake-build-debug/CMakeFiles/CMakeTmp/CheckSymbolExists.c
Linking C executable cmTC_af229
/home/cjshore12/Downloads/clion-2017.3/bin/cmake/bin/cmake -E cmake_link_script CMakeFiles/cmTC_af229.dir/link.txt --verbose=1
/usr/bin/cc      CMakeFiles/cmTC_af229.dir/CheckSymbolExists.c.o  -o cmTC_af229 
CMakeFiles/cmTC_af229.dir/CheckSymbolExists.c.o: In function `main':
CheckSymbolExists.c:(.text+0x1b): undefined reference to `pthread_create'
collect2: error: ld returned 1 exit status
CMakeFiles/cmTC_af229.dir/build.make:97: recipe for target 'cmTC_af229' failed
make[1]: *** [cmTC_af229] Error 1
make[1]: Leaving directory '/home/cjshore12/CLionProjects/Simulation/cmake-build-debug/CMakeFiles/CMakeTmp'
Makefile:126: recipe for target 'cmTC_af229/fast' failed
make: *** [cmTC_af229/fast] Error 2

File /home/cjshore12/CLionProjects/Simulation/cmake-build-debug/CMakeFiles/CMakeTmp/CheckSymbolExists.c:
/* */
#include <pthread.h>

int main(int argc, char** argv)
{
  (void)argv;
#ifndef pthread_create
  return ((int*)(&pthread_create))[argc];
#else
  (void)argc;
  return 0;
#endif
}

Determining if the function pthread_create exists in the pthreads failed with the following output:
Change Dir: /home/cjshore12/CLionProjects/Simulation/cmake-build-debug/CMakeFiles/CMakeTmp

Run Build Command:"/usr/bin/make" "cmTC_1bc2b/fast"
/usr/bin/make -f CMakeFiles/cmTC_1bc2b.dir/build.make CMakeFiles/cmTC_1bc2b.dir/build
make[1]: Entering directory '/home/cjshore12/CLionProjects/Simulation/cmake-build-debug/CMakeFiles/CMakeTmp'
Building C object CMakeFiles/cmTC_1bc2b.dir/CheckFunctionExists.c.o
/usr/bin/cc   -DCHECK_FUNCTION_EXISTS=pthread_create   -o CMakeFiles/cmTC_1bc2b.dir/CheckFunctionExists.c.o   -c /home/cjshore12/Downloads/clion-2017.3/bin/cmake/share/cmake-3.9/Modules/CheckFunctionExists.c
Linking C executable cmTC_1bc2b
/home/cjshore12/Downloads/clion-2017.3/bin/cmake/bin/cmake -E cmake_link_script CMakeFiles/cmTC_1bc2b.dir/link.txt --verbose=1
/usr/bin/cc  -DCHECK_FUNCTION_EXISTS=pthread_create    CMakeFiles/cmTC_1bc2b.dir/CheckFunctionExists.c.o  -o cmTC_1bc2b -lpthreads 
/usr/bin/ld: cannot find -lpthreads
collect2: error: ld returned 1 exit status
CMakeFiles/cmTC_1bc2b.dir/build.make:97: recipe for target 'cmTC_1bc2b' failed
make[1]: *** [cmTC_1bc2b] Error 1
make[1]: Leaving directory '/home/cjshore12/CLionProjects/Simulation/cmake-build-debug/CMakeFiles/CMakeTmp'
Makefile:126: recipe for target 'cmTC_1bc2b/fast' failed
make: *** [cmTC_1bc2b/fast] Error 2


